{"total": {"lines":{"total":343,"covered":209,"skipped":0,"pct":60.93},"statements":{"total":352,"covered":211,"skipped":0,"pct":59.94},"functions":{"total":74,"covered":49,"skipped":0,"pct":66.22},"branches":{"total":75,"covered":52,"skipped":0,"pct":69.33}}
,"/home/nico/dev/final/stare.js-server/lib/config/defaultOptions.js": {"lines":{"total":1,"covered":1,"skipped":0,"pct":100},"functions":{"total":0,"covered":0,"skipped":0,"pct":100},"statements":{"total":1,"covered":1,"skipped":0,"pct":100},"branches":{"total":0,"covered":0,"skipped":0,"pct":100}}
,"/home/nico/dev/final/stare.js-server/lib/metrics/index.js": {"lines":{"total":17,"covered":16,"skipped":0,"pct":94.12},"functions":{"total":1,"covered":1,"skipped":0,"pct":100},"statements":{"total":18,"covered":17,"skipped":0,"pct":94.44},"branches":{"total":4,"covered":4,"skipped":0,"pct":100}}
,"/home/nico/dev/final/stare.js-server/lib/metrics/keywords-position.js": {"lines":{"total":19,"covered":19,"skipped":0,"pct":100},"functions":{"total":5,"covered":5,"skipped":0,"pct":100},"statements":{"total":19,"covered":19,"skipped":0,"pct":100},"branches":{"total":4,"covered":4,"skipped":0,"pct":100}}
,"/home/nico/dev/final/stare.js-server/lib/metrics/language.js": {"lines":{"total":11,"covered":10,"skipped":0,"pct":90.91},"functions":{"total":2,"covered":2,"skipped":0,"pct":100},"statements":{"total":11,"covered":10,"skipped":0,"pct":90.91},"branches":{"total":10,"covered":9,"skipped":0,"pct":90}}
,"/home/nico/dev/final/stare.js-server/lib/metrics/length.js": {"lines":{"total":6,"covered":6,"skipped":0,"pct":100},"functions":{"total":4,"covered":4,"skipped":0,"pct":100},"statements":{"total":6,"covered":6,"skipped":0,"pct":100},"branches":{"total":0,"covered":0,"skipped":0,"pct":100}}
,"/home/nico/dev/final/stare.js-server/lib/metrics/links.js": {"lines":{"total":30,"covered":30,"skipped":0,"pct":100},"functions":{"total":6,"covered":6,"skipped":0,"pct":100},"statements":{"total":30,"covered":30,"skipped":0,"pct":100},"branches":{"total":8,"covered":8,"skipped":0,"pct":100}}
,"/home/nico/dev/final/stare.js-server/lib/metrics/multimedia.js": {"lines":{"total":9,"covered":9,"skipped":0,"pct":100},"functions":{"total":4,"covered":4,"skipped":0,"pct":100},"statements":{"total":9,"covered":9,"skipped":0,"pct":100},"branches":{"total":0,"covered":0,"skipped":0,"pct":100}}
,"/home/nico/dev/final/stare.js-server/lib/metrics/perspicuity.js": {"lines":{"total":32,"covered":30,"skipped":0,"pct":93.75},"functions":{"total":12,"covered":11,"skipped":0,"pct":91.67},"statements":{"total":32,"covered":30,"skipped":0,"pct":93.75},"branches":{"total":4,"covered":3,"skipped":0,"pct":75}}
,"/home/nico/dev/final/stare.js-server/lib/metrics/ranking.js": {"lines":{"total":3,"covered":3,"skipped":0,"pct":100},"functions":{"total":2,"covered":2,"skipped":0,"pct":100},"statements":{"total":3,"covered":3,"skipped":0,"pct":100},"branches":{"total":0,"covered":0,"skipped":0,"pct":100}}
,"/home/nico/dev/final/stare.js-server/lib/scrapper/index.js": {"lines":{"total":23,"covered":22,"skipped":0,"pct":95.65},"functions":{"total":9,"covered":8,"skipped":0,"pct":88.89},"statements":{"total":23,"covered":22,"skipped":0,"pct":95.65},"branches":{"total":8,"covered":8,"skipped":0,"pct":100}}
,"/home/nico/dev/final/stare.js-server/lib/serp/baremo.js": {"lines":{"total":32,"covered":10,"skipped":0,"pct":31.25},"functions":{"total":6,"covered":1,"skipped":0,"pct":16.67},"statements":{"total":32,"covered":10,"skipped":0,"pct":31.25},"branches":{"total":13,"covered":6,"skipped":0,"pct":46.15}}
,"/home/nico/dev/final/stare.js-server/lib/serp/sence.js": {"lines":{"total":160,"covered":53,"skipped":0,"pct":33.13},"functions":{"total":23,"covered":5,"skipped":0,"pct":21.74},"statements":{"total":168,"covered":54,"skipped":0,"pct":32.14},"branches":{"total":24,"covered":10,"skipped":0,"pct":41.67}}
}
